#
# There is insufficient memory for the Java Runtime Environment to continue.
# Native memory allocation (malloc) failed to allocate 1794336 bytes. Error detail: Chunk::new
# Possible reasons:
#   The system is out of physical RAM or swap space
#   This process is running with CompressedOops enabled, and the Java Heap may be blocking the growth of the native heap
# Possible solutions:
#   Reduce memory load on the system
#   Increase physical memory or swap space
#   Check if swap backing store is full
#   Decrease Java heap size (-Xmx/-Xms)
#   Decrease number of Java threads
#   Decrease Java thread stack sizes (-Xss)
#   Set larger code cache with -XX:ReservedCodeCacheSize=
#   JVM is running with Unscaled Compressed Oops mode in which the Java heap is
#     placed in the first 4GB address space. The Java Heap base address is the
#     maximum limit for the native heap growth. Please use -XX:HeapBaseMinAddress
#     to set the Java Heap base and to place the Java Heap above 4GB virtual address.
# This output file may be truncated or incomplete.
#
#  Out of Memory Error (arena.cpp:168), pid=7792, tid=14136
#
# JRE version: OpenJDK Runtime Environment Temurin-21.0.6+7 (21.0.6+7) (build 21.0.6+7-LTS)
# Java VM: OpenJDK 64-Bit Server VM Temurin-21.0.6+7 (21.0.6+7-LTS, mixed mode, sharing, tiered, compressed oops, compressed class ptrs, parallel gc, windows-amd64)
# No core dump will be written. Minidumps are not enabled by default on client versions of Windows
#

---------------  S U M M A R Y ------------

Command Line: --add-modules=ALL-SYSTEM --add-opens=java.base/java.util=ALL-UNNAMED --add-opens=java.base/java.lang=ALL-UNNAMED --add-opens=java.base/sun.nio.fs=ALL-UNNAMED -Declipse.application=org.eclipse.jdt.ls.core.id1 -Dosgi.bundles.defaultStartLevel=4 -Declipse.product=org.eclipse.jdt.ls.core.product -Djava.import.generatesMetadataFilesAtProjectRoot=false -DDetectVMInstallationsJob.disabled=true -Dfile.encoding=utf8 -XX:+UseParallelGC -XX:GCTimeRatio=4 -XX:AdaptiveSizePolicyWeight=90 -Dsun.zip.disableMemoryMapping=true -Xmx1G -Xms100m -Xlog:disable -javaagent:c:\Users\aluno\.vscode\extensions\redhat.java-1.40.0-win32-x64\lombok\lombok-1.18.36.jar c:\Users\aluno\.vscode\extensions\redhat.java-1.40.0-win32-x64\server\plugins\org.eclipse.equinox.launcher_1.6.1000.v20250131-0606.jar -configuration c:\Users\aluno\AppData\Roaming\Code\User\globalStorage\redhat.java\1.40.0\config_ss_win -data c:\Users\aluno\AppData\Roaming\Code\User\workspaceStorage\f6424b0cf0230ad802992bdbd6dd1ae0\redhat.java\ss_ws --pipe=\\.\pipe\lsp-d91d02ae5268447f14dbb5a1655d8432-sock

Host: Intel(R) Core(TM) i5-10500T CPU @ 2.30GHz, 12 cores, 7G,  Windows 10 , 64 bit Build 19041 (10.0.19041.5438)
Time: Mon Mar 10 16:51:04 2025 Hora oficial do Brasil elapsed time: 2.921192 seconds (0d 0h 0m 2s)

---------------  T H R E A D  ---------------

Current thread (0x000001b39d73e240):  JavaThread "C2 CompilerThread0" daemon [_thread_in_native, id=14136, stack(0x00000056d5600000,0x00000056d5700000) (1024K)]


Current CompileTask:
C2:2921 3106       4       org.lombokweb.asm.ClassReader::readMethod (1070 bytes)

Stack: [0x00000056d5600000,0x00000056d5700000]
Native frames: (J=compiled Java code, j=interpreted, Vv=VM code, C=native code)
V  [jvm.dll+0x6cdee9]
V  [jvm.dll+0x8a83d1]
V  [jvm.dll+0x8aa8fe]
V  [jvm.dll+0x8aafe3]
V  [jvm.dll+0x27f706]
V  [jvm.dll+0xc500d]
V  [jvm.dll+0xc5543]
V  [jvm.dll+0x3b678c]
V  [jvm.dll+0x1e0009]
V  [jvm.dll+0x247b42]
V  [jvm.dll+0x246fcf]
V  [jvm.dll+0x1c75ee]
V  [jvm.dll+0x25685a]
V  [jvm.dll+0x254dfa]
V  [jvm.dll+0x3f0256]
V  [jvm.dll+0x851f8b]
V  [jvm.dll+0x6cc5ed]
C  [ucrtbase.dll+0x21bb2]
C  [KERNEL32.DLL+0x17374]
C  [ntdll.dll+0x4cc91]


---------------  P R O C E S S  ---------------

Threads class SMR info:
_java_thread_list=0x000001b3e5542b30, length=34, elements={
0x000001b386fc32e0, 0x000001b39d733fe0, 0x000001b39d735140, 0x000001b39d7362a0,
0x000001b39d737430, 0x000001b39d73b3f0, 0x000001b3e0760df0, 0x000001b39d73e240,
0x000001b3e076f680, 0x000001b3e07600d0, 0x000001b3e0a0dcd0, 0x000001b3e0762ec0,
0x000001b3e53695e0, 0x000001b3e0761b10, 0x000001b3e0761480, 0x000001b3e07621a0,
0x000001b3e0762830, 0x000001b3e0763550, 0x000001b3e0760760, 0x000001b3e57ec290,
0x000001b3e57e66b0, 0x000001b3e57e7a60, 0x000001b3e57eb570, 0x000001b3e57e6d40,
0x000001b3e57e6020, 0x000001b3e57e73d0, 0x000001b3e57e80f0, 0x000001b3e57e8780,
0x000001b3e57e8e10, 0x000001b3e57ec920, 0x000001b3e57e94a0, 0x000001b3e57ecfb0,
0x000001b3e57ea1c0, 0x000001b3e57ed640
}

Java Threads: ( => current thread )
  0x000001b386fc32e0 JavaThread "main"                              [_thread_blocked, id=10492, stack(0x00000056d4c00000,0x00000056d4d00000) (1024K)]
  0x000001b39d733fe0 JavaThread "Reference Handler"          daemon [_thread_blocked, id=16376, stack(0x00000056d5000000,0x00000056d5100000) (1024K)]
  0x000001b39d735140 JavaThread "Finalizer"                  daemon [_thread_blocked, id=4468, stack(0x00000056d5100000,0x00000056d5200000) (1024K)]
  0x000001b39d7362a0 JavaThread "Signal Dispatcher"          daemon [_thread_blocked, id=3232, stack(0x00000056d5200000,0x00000056d5300000) (1024K)]
  0x000001b39d737430 JavaThread "Attach Listener"            daemon [_thread_blocked, id=17276, stack(0x00000056d5300000,0x00000056d5400000) (1024K)]
  0x000001b39d73b3f0 JavaThread "Service Thread"             daemon [_thread_blocked, id=6692, stack(0x00000056d5400000,0x00000056d5500000) (1024K)]
  0x000001b3e0760df0 JavaThread "Monitor Deflation Thread"   daemon [_thread_blocked, id=2084, stack(0x00000056d5500000,0x00000056d5600000) (1024K)]
=>0x000001b39d73e240 JavaThread "C2 CompilerThread0"         daemon [_thread_in_native, id=14136, stack(0x00000056d5600000,0x00000056d5700000) (1024K)]
  0x000001b3e076f680 JavaThread "C1 CompilerThread0"         daemon [_thread_blocked, id=8668, stack(0x00000056d5700000,0x00000056d5800000) (1024K)]
  0x000001b3e07600d0 JavaThread "Common-Cleaner"             daemon [_thread_blocked, id=12892, stack(0x00000056d5800000,0x00000056d5900000) (1024K)]
  0x000001b3e0a0dcd0 JavaThread "C2 CompilerThread1"         daemon [_thread_blocked, id=8104, stack(0x00000056d5900000,0x00000056d5a00000) (1024K)]
  0x000001b3e0762ec0 JavaThread "Notification Thread"        daemon [_thread_blocked, id=8320, stack(0x00000056d5a00000,0x00000056d5b00000) (1024K)]
  0x000001b3e53695e0 JavaThread "C2 CompilerThread2"         daemon [_thread_in_vm, id=16668, stack(0x00000056d5b00000,0x00000056d5c00000) (1024K)]
  0x000001b3e0761b10 JavaThread "Equinox resolver thread - Equinox Container: d7aee326-203e-4983-98f3-5cc1935bef66" daemon [_thread_blocked, id=10224, stack(0x00000056d6200000,0x00000056d6300000) (1024K)]
  0x000001b3e0761480 JavaThread "Equinox resolver thread - Equinox Container: d7aee326-203e-4983-98f3-5cc1935bef66" daemon [_thread_blocked, id=8184, stack(0x00000056d6300000,0x00000056d6400000) (1024K)]
  0x000001b3e07621a0 JavaThread "Equinox resolver thread - Equinox Container: d7aee326-203e-4983-98f3-5cc1935bef66" daemon [_thread_blocked, id=15056, stack(0x00000056d6400000,0x00000056d6500000) (1024K)]
  0x000001b3e0762830 JavaThread "Equinox resolver thread - Equinox Container: d7aee326-203e-4983-98f3-5cc1935bef66" daemon [_thread_blocked, id=11008, stack(0x00000056d6500000,0x00000056d6600000) (1024K)]
  0x000001b3e0763550 JavaThread "Equinox resolver thread - Equinox Container: d7aee326-203e-4983-98f3-5cc1935bef66" daemon [_thread_blocked, id=11172, stack(0x00000056d6600000,0x00000056d6700000) (1024K)]
  0x000001b3e0760760 JavaThread "Equinox resolver thread - Equinox Container: d7aee326-203e-4983-98f3-5cc1935bef66" daemon [_thread_blocked, id=12460, stack(0x00000056d6700000,0x00000056d6800000) (1024K)]
  0x000001b3e57ec290 JavaThread "Active Thread: Equinox Container: d7aee326-203e-4983-98f3-5cc1935bef66"        [_thread_blocked, id=7800, stack(0x00000056d6800000,0x00000056d6900000) (1024K)]
  0x000001b3e57e66b0 JavaThread "Framework Event Dispatcher: Equinox Container: d7aee326-203e-4983-98f3-5cc1935bef66" daemon [_thread_blocked, id=17252, stack(0x00000056d6900000,0x00000056d6a00000) (1024K)]
  0x000001b3e57e7a60 JavaThread "Start Level: Equinox Container: d7aee326-203e-4983-98f3-5cc1935bef66" daemon [_thread_in_Java, id=10864, stack(0x00000056d6a00000,0x00000056d6b00000) (1024K)]
  0x000001b3e57eb570 JavaThread "Refresh Thread: Equinox Container: d7aee326-203e-4983-98f3-5cc1935bef66" daemon [_thread_blocked, id=17240, stack(0x00000056d6c00000,0x00000056d6d00000) (1024K)]
  0x000001b3e57e6d40 JavaThread "Equinox resolver thread - Equinox Container: d7aee326-203e-4983-98f3-5cc1935bef66" daemon [_thread_blocked, id=16732, stack(0x00000056d6d00000,0x00000056d6e00000) (1024K)]
  0x000001b3e57e6020 JavaThread "Equinox resolver thread - Equinox Container: d7aee326-203e-4983-98f3-5cc1935bef66" daemon [_thread_blocked, id=7644, stack(0x00000056d6e00000,0x00000056d6f00000) (1024K)]
  0x000001b3e57e73d0 JavaThread "Equinox resolver thread - Equinox Container: d7aee326-203e-4983-98f3-5cc1935bef66" daemon [_thread_blocked, id=17200, stack(0x00000056d6f00000,0x00000056d7000000) (1024K)]
  0x000001b3e57e80f0 JavaThread "Equinox resolver thread - Equinox Container: d7aee326-203e-4983-98f3-5cc1935bef66" daemon [_thread_blocked, id=7356, stack(0x00000056d7000000,0x00000056d7100000) (1024K)]
  0x000001b3e57e8780 JavaThread "Equinox resolver thread - Equinox Container: d7aee326-203e-4983-98f3-5cc1935bef66" daemon [_thread_blocked, id=3116, stack(0x00000056d7100000,0x00000056d7200000) (1024K)]
  0x000001b3e57e8e10 JavaThread "Equinox resolver thread - Equinox Container: d7aee326-203e-4983-98f3-5cc1935bef66" daemon [_thread_blocked, id=15032, stack(0x00000056d7200000,0x00000056d7300000) (1024K)]
  0x000001b3e57ec920 JavaThread "SCR Component Actor"        daemon [_thread_blocked, id=10256, stack(0x00000056d7300000,0x00000056d7400000) (1024K)]
  0x000001b3e57e94a0 JavaThread "SCR Component Registry"     daemon [_thread_blocked, id=16084, stack(0x00000056d7500000,0x00000056d7600000) (1024K)]
  0x000001b3e57ecfb0 JavaThread "Worker-JM"                         [_thread_blocked, id=15164, stack(0x00000056d7600000,0x00000056d7700000) (1024K)]
  0x000001b3e57ea1c0 JavaThread "Worker-0"                          [_thread_blocked, id=3900, stack(0x00000056d7800000,0x00000056d7900000) (1024K)]
  0x000001b3e57ed640 JavaThread "Worker-1"                          [_thread_blocked, id=1520, stack(0x00000056d7900000,0x00000056d7a00000) (1024K)]
Total: 34

Other Threads:
  0x000001b39d722850 VMThread "VM Thread"                           [id=7680, stack(0x00000056d4f00000,0x00000056d5000000) (1024K)]
  0x000001b3893ac960 WatcherThread "VM Periodic Task Thread"        [id=16628, stack(0x00000056d4e00000,0x00000056d4f00000) (1024K)]
  0x000001b38935ec10 WorkerThread "GC Thread#0"                     [id=7736, stack(0x00000056d4d00000,0x00000056d4e00000) (1024K)]
  0x000001b3e51f0d40 WorkerThread "GC Thread#1"                     [id=14484, stack(0x00000056d5c00000,0x00000056d5d00000) (1024K)]
  0x000001b3e5709b90 WorkerThread "GC Thread#2"                     [id=9508, stack(0x00000056d5d00000,0x00000056d5e00000) (1024K)]
  0x000001b3e52d3bd0 WorkerThread "GC Thread#3"                     [id=1612, stack(0x00000056d5e00000,0x00000056d5f00000) (1024K)]
  0x000001b3e52d3f70 WorkerThread "GC Thread#4"                     [id=11764, stack(0x00000056d5f00000,0x00000056d6000000) (1024K)]
  0x000001b3e52d4310 WorkerThread "GC Thread#5"                     [id=5916, stack(0x00000056d6000000,0x00000056d6100000) (1024K)]
  0x000001b3e5704150 WorkerThread "GC Thread#6"                     [id=15952, stack(0x00000056d6100000,0x00000056d6200000) (1024K)]
  0x000001b3e5a2c4e0 WorkerThread "GC Thread#7"                     [id=16936, stack(0x00000056d6b00000,0x00000056d6c00000) (1024K)]
  0x000001b3e5d124b0 WorkerThread "GC Thread#8"                     [id=5904, stack(0x00000056d7400000,0x00000056d7500000) (1024K)]
  0x000001b3e5e29320 WorkerThread "GC Thread#9"                     [id=6308, stack(0x00000056d7700000,0x00000056d7800000) (1024K)]
Total: 12

Threads with active compile tasks:
C2 CompilerThread0  2957 3106       4       org.lombokweb.asm.ClassReader::readMethod (1070 bytes)
C2 CompilerThread1  2958 3533       4       java.lang.AbstractStringBuilder::<init> (63 bytes)
C2 CompilerThread2  2958 3532       4       java.lang.Integer::toUnsignedString0 (76 bytes)
Total: 3

VM state: not at safepoint (normal execution)

VM Mutex/Monitor currently owned by a thread: None

Heap address: 0x00000000c0000000, size: 1024 MB, Compressed Oops mode: 32-bit

CDS archive(s) mapped at: [0x000001b39e000000-0x000001b39eba0000-0x000001b39eba0000), size 12189696, SharedBaseAddress: 0x000001b39e000000, ArchiveRelocationMode: 1.
Compressed class space mapped at: 0x000001b39f000000-0x000001b3df000000, reserved size: 1073741824
Narrow klass base: 0x000001b39e000000, Narrow klass shift: 0, Narrow klass range: 0x100000000

GC Precious Log:
 CardTable entry size: 512
 CPUs: 12 total, 12 available
 Memory: 7906M
 Large Page Support: Disabled
 NUMA Support: Disabled
 Compressed Oops: Enabled (32-bit)
 Alignments: Space 512K, Generation 512K, Heap 2M
 Heap Min Capacity: 100M
 Heap Initial Capacity: 100M
 Heap Max Capacity: 1G
 Pre-touch: Disabled
 Parallel Workers: 10

Heap:
 PSYoungGen      total 29696K, used 23074K [0x00000000eab00000, 0x00000000ece00000, 0x0000000100000000)
  eden space 24576K, 93% used [0x00000000eab00000,0x00000000ec1889c8,0x00000000ec300000)
  from space 5120K, 0% used [0x00000000ec480000,0x00000000ec480000,0x00000000ec980000)
  to   space 4608K, 0% used [0x00000000ec980000,0x00000000ec980000,0x00000000ece00000)
 ParOldGen       total 68608K, used 11600K [0x00000000c0000000, 0x00000000c4300000, 0x00000000eab00000)
  object space 68608K, 16% used [0x00000000c0000000,0x00000000c0b54248,0x00000000c4300000)
 Metaspace       used 24149K, committed 24832K, reserved 1114112K
  class space    used 2239K, committed 2496K, reserved 1048576K

Card table byte_map: [0x000001b388cf0000,0x000001b388f00000] _byte_map_base: 0x000001b3886f0000

Marking Bits: (ParMarkBitMap*) 0x00007ff970893260
 Begin Bits: [0x000001b39b540000, 0x000001b39c540000)
 End Bits:   [0x000001b39c540000, 0x000001b39d540000)

Polling page: 0x000001b387180000

Metaspace:

Usage:
  Non-class:     21.40 MB used.
      Class:      2.19 MB used.
       Both:     23.59 MB used.

Virtual space:
  Non-class space:       64.00 MB reserved,      21.81 MB ( 34%) committed,  1 nodes.
      Class space:        1.00 GB reserved,       2.44 MB ( <1%) committed,  1 nodes.
             Both:        1.06 GB reserved,      24.25 MB (  2%) committed. 

Chunk freelists:
   Non-Class:  10.01 MB
       Class:  13.46 MB
        Both:  23.46 MB

MaxMetaspaceSize: unlimited
CompressedClassSpaceSize: 1.00 GB
Initial GC threshold: 21.00 MB
Current GC threshold: 35.00 MB
CDS: on
 - commit_granule_bytes: 65536.
 - commit_granule_words: 8192.
 - virtual_space_node_default_size: 8388608.
 - enlarge_chunks_in_place: 1.
 - use_allocation_guard: 0.


Internal statistics:

num_allocs_failed_limit: 3.
num_arena_births: 478.
num_arena_deaths: 14.
num_vsnodes_births: 2.
num_vsnodes_deaths: 0.
num_space_committed: 388.
num_space_uncommitted: 0.
num_chunks_returned_to_freelist: 17.
num_chunks_taken_from_freelist: 1316.
num_chunk_merges: 9.
num_chunk_splits: 888.
num_chunks_enlarged: 587.
num_inconsistent_stats: 0.

CodeHeap 'non-profiled nmethods': size=120000Kb used=1631Kb max_used=1631Kb free=118369Kb
 bounds [0x000001b394010000, 0x000001b394280000, 0x000001b39b540000]
CodeHeap 'profiled nmethods': size=120000Kb used=7257Kb max_used=7257Kb free=112742Kb
 bounds [0x000001b38c540000, 0x000001b38cc60000, 0x000001b393a70000]
CodeHeap 'non-nmethods': size=5760Kb used=1313Kb max_used=1404Kb free=4446Kb
 bounds [0x000001b393a70000, 0x000001b393ce0000, 0x000001b394010000]
 total_blobs=4129 nmethods=3530 adapters=505
 compilation: enabled
              stopped_count=0, restarted_count=0
 full_count=0

Compilation events (20 events):
Event: 2.903 Thread 0x000001b3e076f680 3478       3       java.nio.ByteBuffer::<init> (47 bytes)
Event: 2.904 Thread 0x000001b3e076f680 nmethod 3478 0x000001b38cc43210 code [0x000001b38cc433c0, 0x000001b38cc435b0]
Event: 2.907 Thread 0x000001b3e076f680 3479       3       jdk.internal.misc.VM::isSystemDomainLoader (17 bytes)
Event: 2.908 Thread 0x000001b3e076f680 nmethod 3479 0x000001b38cc43690 code [0x000001b38cc43860, 0x000001b38cc43bc8]
Event: 2.909 Thread 0x000001b3e076f680 3480       3       jdk.internal.jimage.ImageBufferCache::getCapacity (21 bytes)
Event: 2.909 Thread 0x000001b3e076f680 nmethod 3480 0x000001b38cc43d10 code [0x000001b38cc43ec0, 0x000001b38cc441d0]
Event: 2.910 Thread 0x000001b3e076f680 3481       1       jdk.internal.jimage.decompressor.CompressedResourceHeader::getSize (3 bytes)
Event: 2.910 Thread 0x000001b3e076f680 nmethod 3481 0x000001b394193810 code [0x000001b3941939a0, 0x000001b394193a48]
Event: 2.913 Thread 0x000001b3e076f680 3486       3       java.util.TreeMap::getEntryUsingComparator (74 bytes)
Event: 2.913 Thread 0x000001b3e076f680 nmethod 3486 0x000001b38cc44310 code [0x000001b38cc444e0, 0x000001b38cc44878]
Event: 2.914 Thread 0x000001b3e076f680 3487       3       java.util.TreeMap::getEntry (77 bytes)
Event: 2.914 Thread 0x000001b3e076f680 nmethod 3487 0x000001b38cc44990 code [0x000001b38cc44ba0, 0x000001b38cc45200]
Event: 2.914 Thread 0x000001b3e076f680 3488       1       java.util.concurrent.CopyOnWriteArrayList::getArray (5 bytes)
Event: 2.914 Thread 0x000001b3e076f680 nmethod 3488 0x000001b394193b10 code [0x000001b394193ca0, 0x000001b394193d68]
Event: 2.916 Thread 0x000001b3e076f680 3490       3       sun.util.PreHashedMap::get (67 bytes)
Event: 2.917 Thread 0x000001b3e076f680 nmethod 3490 0x000001b38cc45410 code [0x000001b38cc45620, 0x000001b38cc45d30]
Event: 2.917 Thread 0x000001b3e076f680 3492       3       java.lang.reflect.Constructor::newInstance (34 bytes)
Event: 2.918 Thread 0x000001b3e076f680 nmethod 3492 0x000001b38cc45f90 code [0x000001b38cc46160, 0x000001b38cc46390]
Event: 2.918 Thread 0x000001b3e076f680 3491       3       java.util.TreeMap::get (19 bytes)
Event: 2.918 Thread 0x000001b3e076f680 nmethod 3491 0x000001b38cc46490 code [0x000001b38cc46640, 0x000001b38cc467f0]

GC Heap History (16 events):
Event: 0.665 GC heap before
{Heap before GC invocations=1 (full 0):
 PSYoungGen      total 29696K, used 25600K [0x00000000eab00000, 0x00000000ecc00000, 0x0000000100000000)
  eden space 25600K, 100% used [0x00000000eab00000,0x00000000ec400000,0x00000000ec400000)
  from space 4096K, 0% used [0x00000000ec800000,0x00000000ec800000,0x00000000ecc00000)
  to   space 4096K, 0% used [0x00000000ec400000,0x00000000ec400000,0x00000000ec800000)
 ParOldGen       total 68608K, used 0K [0x00000000c0000000, 0x00000000c4300000, 0x00000000eab00000)
  object space 68608K, 0% used [0x00000000c0000000,0x00000000c0000000,0x00000000c4300000)
 Metaspace       used 4342K, committed 4544K, reserved 1114112K
  class space    used 436K, committed 512K, reserved 1048576K
}
Event: 0.670 GC heap after
{Heap after GC invocations=1 (full 0):
 PSYoungGen      total 29696K, used 3205K [0x00000000eab00000, 0x00000000ecc00000, 0x0000000100000000)
  eden space 25600K, 0% used [0x00000000eab00000,0x00000000eab00000,0x00000000ec400000)
  from space 4096K, 78% used [0x00000000ec400000,0x00000000ec7217f0,0x00000000ec800000)
  to   space 4096K, 0% used [0x00000000ec800000,0x00000000ec800000,0x00000000ecc00000)
 ParOldGen       total 68608K, used 16K [0x00000000c0000000, 0x00000000c4300000, 0x00000000eab00000)
  object space 68608K, 0% used [0x00000000c0000000,0x00000000c0004000,0x00000000c4300000)
 Metaspace       used 4342K, committed 4544K, reserved 1114112K
  class space    used 436K, committed 512K, reserved 1048576K
}
Event: 1.246 GC heap before
{Heap before GC invocations=2 (full 0):
 PSYoungGen      total 29696K, used 28805K [0x00000000eab00000, 0x00000000ecc00000, 0x0000000100000000)
  eden space 25600K, 100% used [0x00000000eab00000,0x00000000ec400000,0x00000000ec400000)
  from space 4096K, 78% used [0x00000000ec400000,0x00000000ec7217f0,0x00000000ec800000)
  to   space 4096K, 0% used [0x00000000ec800000,0x00000000ec800000,0x00000000ecc00000)
 ParOldGen       total 68608K, used 16K [0x00000000c0000000, 0x00000000c4300000, 0x00000000eab00000)
  object space 68608K, 0% used [0x00000000c0000000,0x00000000c0004000,0x00000000c4300000)
 Metaspace       used 7838K, committed 8128K, reserved 1114112K
  class space    used 778K, committed 896K, reserved 1048576K
}
Event: 1.250 GC heap after
{Heap after GC invocations=2 (full 0):
 PSYoungGen      total 29696K, used 4064K [0x00000000eab00000, 0x00000000ecc00000, 0x0000000100000000)
  eden space 25600K, 0% used [0x00000000eab00000,0x00000000eab00000,0x00000000ec400000)
  from space 4096K, 99% used [0x00000000ec800000,0x00000000ecbf81e0,0x00000000ecc00000)
  to   space 4096K, 0% used [0x00000000ec400000,0x00000000ec400000,0x00000000ec800000)
 ParOldGen       total 68608K, used 644K [0x00000000c0000000, 0x00000000c4300000, 0x00000000eab00000)
  object space 68608K, 0% used [0x00000000c0000000,0x00000000c00a13e8,0x00000000c4300000)
 Metaspace       used 7838K, committed 8128K, reserved 1114112K
  class space    used 778K, committed 896K, reserved 1048576K
}
Event: 1.569 GC heap before
{Heap before GC invocations=3 (full 0):
 PSYoungGen      total 29696K, used 29664K [0x00000000eab00000, 0x00000000ecc00000, 0x0000000100000000)
  eden space 25600K, 100% used [0x00000000eab00000,0x00000000ec400000,0x00000000ec400000)
  from space 4096K, 99% used [0x00000000ec800000,0x00000000ecbf81e0,0x00000000ecc00000)
  to   space 4096K, 0% used [0x00000000ec400000,0x00000000ec400000,0x00000000ec800000)
 ParOldGen       total 68608K, used 644K [0x00000000c0000000, 0x00000000c4300000, 0x00000000eab00000)
  object space 68608K, 0% used [0x00000000c0000000,0x00000000c00a13e8,0x00000000c4300000)
 Metaspace       used 9290K, committed 9664K, reserved 1114112K
  class space    used 930K, committed 1088K, reserved 1048576K
}
Event: 1.573 GC heap after
{Heap after GC invocations=3 (full 0):
 PSYoungGen      total 29696K, used 4091K [0x00000000eab00000, 0x00000000ecc00000, 0x0000000100000000)
  eden space 25600K, 0% used [0x00000000eab00000,0x00000000eab00000,0x00000000ec400000)
  from space 4096K, 99% used [0x00000000ec400000,0x00000000ec7fee60,0x00000000ec800000)
  to   space 4096K, 0% used [0x00000000ec800000,0x00000000ec800000,0x00000000ecc00000)
 ParOldGen       total 68608K, used 3102K [0x00000000c0000000, 0x00000000c4300000, 0x00000000eab00000)
  object space 68608K, 4% used [0x00000000c0000000,0x00000000c03078a8,0x00000000c4300000)
 Metaspace       used 9290K, committed 9664K, reserved 1114112K
  class space    used 930K, committed 1088K, reserved 1048576K
}
Event: 2.014 GC heap before
{Heap before GC invocations=4 (full 0):
 PSYoungGen      total 29696K, used 29691K [0x00000000eab00000, 0x00000000ecc00000, 0x0000000100000000)
  eden space 25600K, 100% used [0x00000000eab00000,0x00000000ec400000,0x00000000ec400000)
  from space 4096K, 99% used [0x00000000ec400000,0x00000000ec7fee60,0x00000000ec800000)
  to   space 4096K, 0% used [0x00000000ec800000,0x00000000ec800000,0x00000000ecc00000)
 ParOldGen       total 68608K, used 3102K [0x00000000c0000000, 0x00000000c4300000, 0x00000000eab00000)
  object space 68608K, 4% used [0x00000000c0000000,0x00000000c03078a8,0x00000000c4300000)
 Metaspace       used 13635K, committed 14144K, reserved 1114112K
  class space    used 1352K, committed 1536K, reserved 1048576K
}
Event: 2.020 GC heap after
{Heap after GC invocations=4 (full 0):
 PSYoungGen      total 29696K, used 4077K [0x00000000eab00000, 0x00000000ecc00000, 0x0000000100000000)
  eden space 25600K, 0% used [0x00000000eab00000,0x00000000eab00000,0x00000000ec400000)
  from space 4096K, 99% used [0x00000000ec800000,0x00000000ecbfb478,0x00000000ecc00000)
  to   space 4096K, 0% used [0x00000000ec400000,0x00000000ec400000,0x00000000ec800000)
 ParOldGen       total 68608K, used 4842K [0x00000000c0000000, 0x00000000c4300000, 0x00000000eab00000)
  object space 68608K, 7% used [0x00000000c0000000,0x00000000c04ba8e8,0x00000000c4300000)
 Metaspace       used 13635K, committed 14144K, reserved 1114112K
  class space    used 1352K, committed 1536K, reserved 1048576K
}
Event: 2.250 GC heap before
{Heap before GC invocations=5 (full 0):
 PSYoungGen      total 29696K, used 29677K [0x00000000eab00000, 0x00000000ecc00000, 0x0000000100000000)
  eden space 25600K, 100% used [0x00000000eab00000,0x00000000ec400000,0x00000000ec400000)
  from space 4096K, 99% used [0x00000000ec800000,0x00000000ecbfb478,0x00000000ecc00000)
  to   space 4096K, 0% used [0x00000000ec400000,0x00000000ec400000,0x00000000ec800000)
 ParOldGen       total 68608K, used 4842K [0x00000000c0000000, 0x00000000c4300000, 0x00000000eab00000)
  object space 68608K, 7% used [0x00000000c0000000,0x00000000c04ba8e8,0x00000000c4300000)
 Metaspace       used 16467K, committed 17088K, reserved 1114112K
  class space    used 1617K, committed 1920K, reserved 1048576K
}
Event: 2.254 GC heap after
{Heap after GC invocations=5 (full 0):
 PSYoungGen      total 29184K, used 4081K [0x00000000eab00000, 0x00000000ed280000, 0x0000000100000000)
  eden space 25088K, 0% used [0x00000000eab00000,0x00000000eab00000,0x00000000ec380000)
  from space 4096K, 99% used [0x00000000ec400000,0x00000000ec7fc678,0x00000000ec800000)
  to   space 7680K, 0% used [0x00000000ecb00000,0x00000000ecb00000,0x00000000ed280000)
 ParOldGen       total 68608K, used 7726K [0x00000000c0000000, 0x00000000c4300000, 0x00000000eab00000)
  object space 68608K, 11% used [0x00000000c0000000,0x00000000c078bac8,0x00000000c4300000)
 Metaspace       used 16467K, committed 17088K, reserved 1114112K
  class space    used 1617K, committed 1920K, reserved 1048576K
}
Event: 2.448 GC heap before
{Heap before GC invocations=6 (full 0):
 PSYoungGen      total 29184K, used 29169K [0x00000000eab00000, 0x00000000ed280000, 0x0000000100000000)
  eden space 25088K, 100% used [0x00000000eab00000,0x00000000ec380000,0x00000000ec380000)
  from space 4096K, 99% used [0x00000000ec400000,0x00000000ec7fc678,0x00000000ec800000)
  to   space 7680K, 0% used [0x00000000ecb00000,0x00000000ecb00000,0x00000000ed280000)
 ParOldGen       total 68608K, used 7726K [0x00000000c0000000, 0x00000000c4300000, 0x00000000eab00000)
  object space 68608K, 11% used [0x00000000c0000000,0x00000000c078bac8,0x00000000c4300000)
 Metaspace       used 20620K, committed 21248K, reserved 1114112K
  class space    used 1917K, committed 2176K, reserved 1048576K
}
Event: 2.452 GC heap after
{Heap after GC invocations=6 (full 0):
 PSYoungGen      total 31232K, used 6442K [0x00000000eab00000, 0x00000000ed180000, 0x0000000100000000)
  eden space 24576K, 0% used [0x00000000eab00000,0x00000000eab00000,0x00000000ec300000)
  from space 6656K, 96% used [0x00000000ecb00000,0x00000000ed14aae0,0x00000000ed180000)
  to   space 6656K, 0% used [0x00000000ec480000,0x00000000ec480000,0x00000000ecb00000)
 ParOldGen       total 68608K, used 7734K [0x00000000c0000000, 0x00000000c4300000, 0x00000000eab00000)
  object space 68608K, 11% used [0x00000000c0000000,0x00000000c078dac8,0x00000000c4300000)
 Metaspace       used 20620K, committed 21248K, reserved 1114112K
  class space    used 1917K, committed 2176K, reserved 1048576K
}
Event: 2.485 GC heap before
{Heap before GC invocations=7 (full 0):
 PSYoungGen      total 31232K, used 16876K [0x00000000eab00000, 0x00000000ed180000, 0x0000000100000000)
  eden space 24576K, 42% used [0x00000000eab00000,0x00000000eb530868,0x00000000ec300000)
  from space 6656K, 96% used [0x00000000ecb00000,0x00000000ed14aae0,0x00000000ed180000)
  to   space 6656K, 0% used [0x00000000ec480000,0x00000000ec480000,0x00000000ecb00000)
 ParOldGen       total 68608K, used 7734K [0x00000000c0000000, 0x00000000c4300000, 0x00000000eab00000)
  object space 68608K, 11% used [0x00000000c0000000,0x00000000c078dac8,0x00000000c4300000)
 Metaspace       used 20882K, committed 21504K, reserved 1114112K
  class space    used 1921K, committed 2176K, reserved 1048576K
}
Event: 2.489 GC heap after
{Heap after GC invocations=7 (full 0):
 PSYoungGen      total 29696K, used 4693K [0x00000000eab00000, 0x00000000ece00000, 0x0000000100000000)
  eden space 24576K, 0% used [0x00000000eab00000,0x00000000eab00000,0x00000000ec300000)
  from space 5120K, 91% used [0x00000000ec480000,0x00000000ec915680,0x00000000ec980000)
  to   space 4608K, 0% used [0x00000000ec980000,0x00000000ec980000,0x00000000ece00000)
 ParOldGen       total 68608K, used 9567K [0x00000000c0000000, 0x00000000c4300000, 0x00000000eab00000)
  object space 68608K, 13% used [0x00000000c0000000,0x00000000c0957ea0,0x00000000c4300000)
 Metaspace       used 20882K, committed 21504K, reserved 1114112K
  class space    used 1921K, committed 2176K, reserved 1048576K
}
Event: 2.489 GC heap before
{Heap before GC invocations=8 (full 1):
 PSYoungGen      total 29696K, used 4693K [0x00000000eab00000, 0x00000000ece00000, 0x0000000100000000)
  eden space 24576K, 0% used [0x00000000eab00000,0x00000000eab00000,0x00000000ec300000)
  from space 5120K, 91% used [0x00000000ec480000,0x00000000ec915680,0x00000000ec980000)
  to   space 4608K, 0% used [0x00000000ec980000,0x00000000ec980000,0x00000000ece00000)
 ParOldGen       total 68608K, used 9567K [0x00000000c0000000, 0x00000000c4300000, 0x00000000eab00000)
  object space 68608K, 13% used [0x00000000c0000000,0x00000000c0957ea0,0x00000000c4300000)
 Metaspace       used 20882K, committed 21504K, reserved 1114112K
  class space    used 1921K, committed 2176K, reserved 1048576K
}
Event: 2.513 GC heap after
{Heap after GC invocations=8 (full 1):
 PSYoungGen      total 29696K, used 0K [0x00000000eab00000, 0x00000000ece00000, 0x0000000100000000)
  eden space 24576K, 0% used [0x00000000eab00000,0x00000000eab00000,0x00000000ec300000)
  from space 5120K, 0% used [0x00000000ec480000,0x00000000ec480000,0x00000000ec980000)
  to   space 4608K, 0% used [0x00000000ec980000,0x00000000ec980000,0x00000000ece00000)
 ParOldGen       total 68608K, used 11600K [0x00000000c0000000, 0x00000000c4300000, 0x00000000eab00000)
  object space 68608K, 16% used [0x00000000c0000000,0x00000000c0b54248,0x00000000c4300000)
 Metaspace       used 20870K, committed 21504K, reserved 1114112K
  class space    used 1917K, committed 2176K, reserved 1048576K
}

Dll operation events (9 events):
Event: 0.011 Loaded shared library c:\Users\aluno\.vscode\extensions\redhat.java-1.40.0-win32-x64\jre\21.0.6-win32-x86_64\bin\java.dll
Event: 0.079 Loaded shared library c:\Users\aluno\.vscode\extensions\redhat.java-1.40.0-win32-x64\jre\21.0.6-win32-x86_64\bin\zip.dll
Event: 0.101 Loaded shared library C:\Users\aluno\.vscode\extensions\redhat.java-1.40.0-win32-x64\jre\21.0.6-win32-x86_64\bin\instrument.dll
Event: 0.106 Loaded shared library C:\Users\aluno\.vscode\extensions\redhat.java-1.40.0-win32-x64\jre\21.0.6-win32-x86_64\bin\net.dll
Event: 0.109 Loaded shared library C:\Users\aluno\.vscode\extensions\redhat.java-1.40.0-win32-x64\jre\21.0.6-win32-x86_64\bin\nio.dll
Event: 0.112 Loaded shared library C:\Users\aluno\.vscode\extensions\redhat.java-1.40.0-win32-x64\jre\21.0.6-win32-x86_64\bin\zip.dll
Event: 0.125 Loaded shared library C:\Users\aluno\.vscode\extensions\redhat.java-1.40.0-win32-x64\jre\21.0.6-win32-x86_64\bin\jimage.dll
Event: 0.206 Loaded shared library c:\Users\aluno\.vscode\extensions\redhat.java-1.40.0-win32-x64\jre\21.0.6-win32-x86_64\bin\verify.dll
Event: 1.399 Loaded shared library C:\Users\aluno\AppData\Roaming\Code\User\globalStorage\redhat.java\1.40.0\config_ss_win\org.eclipse.equinox.launcher\org.eclipse.equinox.launcher.win32.win32.x86_64_1.2.1200.v20250212-0927\eclipse_11909.dll

Deoptimization events (20 events):
Event: 2.675 Thread 0x000001b3e57e7a60 DEOPT PACKING pc=0x000001b394183874 sp=0x00000056d6afda30
Event: 2.675 Thread 0x000001b3e57e7a60 DEOPT UNPACKING pc=0x000001b393ac3aa2 sp=0x00000056d6afd8f8 mode 2
Event: 2.750 Thread 0x000001b3e57e7a60 Uncommon trap: trap_request=0xffffffde fr.pc=0x000001b39418685c relative=0x000000000000013c
Event: 2.750 Thread 0x000001b3e57e7a60 Uncommon trap: reason=class_check action=maybe_recompile pc=0x000001b39418685c method=jdk.internal.misc.Unsafe.allocateUninitializedArray(Ljava/lang/Class;I)Ljava/lang/Object; @ 51 c2
Event: 2.750 Thread 0x000001b3e57e7a60 DEOPT PACKING pc=0x000001b39418685c sp=0x00000056d6afd3b0
Event: 2.750 Thread 0x000001b3e57e7a60 DEOPT UNPACKING pc=0x000001b393ac3aa2 sp=0x00000056d6afd328 mode 2
Event: 2.750 Thread 0x000001b3e57e7a60 Uncommon trap: trap_request=0xffffffde fr.pc=0x000001b39418685c relative=0x000000000000013c
Event: 2.750 Thread 0x000001b3e57e7a60 Uncommon trap: reason=class_check action=maybe_recompile pc=0x000001b39418685c method=jdk.internal.misc.Unsafe.allocateUninitializedArray(Ljava/lang/Class;I)Ljava/lang/Object; @ 51 c2
Event: 2.750 Thread 0x000001b3e57e7a60 DEOPT PACKING pc=0x000001b39418685c sp=0x00000056d6afd3b0
Event: 2.751 Thread 0x000001b3e57e7a60 DEOPT UNPACKING pc=0x000001b393ac3aa2 sp=0x00000056d6afd328 mode 2
Event: 2.751 Thread 0x000001b3e57e7a60 Uncommon trap: trap_request=0xffffffde fr.pc=0x000001b39418685c relative=0x000000000000013c
Event: 2.751 Thread 0x000001b3e57e7a60 Uncommon trap: reason=class_check action=maybe_recompile pc=0x000001b39418685c method=jdk.internal.misc.Unsafe.allocateUninitializedArray(Ljava/lang/Class;I)Ljava/lang/Object; @ 51 c2
Event: 2.751 Thread 0x000001b3e57e7a60 DEOPT PACKING pc=0x000001b39418685c sp=0x00000056d6afd3b0
Event: 2.751 Thread 0x000001b3e57e7a60 DEOPT UNPACKING pc=0x000001b393ac3aa2 sp=0x00000056d6afd328 mode 2
Event: 2.751 Thread 0x000001b3e57e7a60 Uncommon trap: trap_request=0xffffffde fr.pc=0x000001b39418685c relative=0x000000000000013c
Event: 2.751 Thread 0x000001b3e57e7a60 Uncommon trap: reason=class_check action=maybe_recompile pc=0x000001b39418685c method=jdk.internal.misc.Unsafe.allocateUninitializedArray(Ljava/lang/Class;I)Ljava/lang/Object; @ 51 c2
Event: 2.751 Thread 0x000001b3e57e7a60 DEOPT PACKING pc=0x000001b39418685c sp=0x00000056d6afd3b0
Event: 2.751 Thread 0x000001b3e57e7a60 DEOPT UNPACKING pc=0x000001b393ac3aa2 sp=0x00000056d6afd328 mode 2
Event: 2.824 Thread 0x000001b3e57e7a60 DEOPT PACKING pc=0x000001b38cb73b58 sp=0x00000056d6afd920
Event: 2.824 Thread 0x000001b3e57e7a60 DEOPT UNPACKING pc=0x000001b393ac4242 sp=0x00000056d6afce08 mode 0

Classes loaded (20 events):
Event: 2.900 Loading class sun/nio/cs/MS1251
Event: 2.901 Loading class sun/nio/cs/MS1251 done
Event: 2.901 Loading class sun/nio/cs/MS1250
Event: 2.901 Loading class sun/nio/cs/MS1250 done
Event: 2.902 Loading class sun/nio/cs/ISO_8859_2
Event: 2.902 Loading class sun/nio/cs/ISO_8859_2 done
Event: 2.905 Loading class sun/nio/cs/ISO_8859_4
Event: 2.905 Loading class sun/nio/cs/ISO_8859_4 done
Event: 2.906 Loading class sun/nio/cs/ISO_8859_5
Event: 2.906 Loading class sun/nio/cs/ISO_8859_5 done
Event: 2.906 Loading class sun/nio/cs/ISO_8859_9
Event: 2.906 Loading class sun/nio/cs/ISO_8859_9 done
Event: 2.907 Loading class sun/nio/cs/ISO_8859_7
Event: 2.907 Loading class sun/nio/cs/ISO_8859_7 done
Event: 2.908 Loading class sun/nio/cs/IBM850
Event: 2.908 Loading class sun/nio/cs/IBM850 done
Event: 2.910 Loading class sun/nio/cs/SJIS
Event: 2.910 Loading class sun/nio/cs/SJIS done
Event: 2.916 Loading class sun/nio/cs/KOI8_R
Event: 2.916 Loading class sun/nio/cs/KOI8_R done

Classes unloaded (7 events):
Event: 2.494 Thread 0x000001b39d722850 Unloading class 0x000001b39f193400 'java/lang/invoke/LambdaForm$MH+0x000001b39f193400'
Event: 2.494 Thread 0x000001b39d722850 Unloading class 0x000001b39f193000 'java/lang/invoke/LambdaForm$MH+0x000001b39f193000'
Event: 2.494 Thread 0x000001b39d722850 Unloading class 0x000001b39f192c00 'java/lang/invoke/LambdaForm$MH+0x000001b39f192c00'
Event: 2.494 Thread 0x000001b39d722850 Unloading class 0x000001b39f192800 'java/lang/invoke/LambdaForm$MH+0x000001b39f192800'
Event: 2.494 Thread 0x000001b39d722850 Unloading class 0x000001b39f192400 'java/lang/invoke/LambdaForm$BMH+0x000001b39f192400'
Event: 2.494 Thread 0x000001b39d722850 Unloading class 0x000001b39f192000 'java/lang/invoke/LambdaForm$DMH+0x000001b39f192000'
Event: 2.494 Thread 0x000001b39d722850 Unloading class 0x000001b39f190c00 'java/lang/invoke/LambdaForm$DMH+0x000001b39f190c00'

Classes redefined (0 events):
No events

Internal exceptions (20 events):
Event: 2.116 Thread 0x000001b3e57e7a60 Exception <a 'java/lang/NoSuchMethodError'{0x00000000eb15b578}: 'int java.lang.invoke.DirectMethodHandle$Holder.invokeStaticInit(java.lang.Object, java.lang.Object, java.lang.Object)'> (0x00000000eb15b578) 
thrown [s\src\hotspot\share\interpreter\linkResolver.cpp, line 773]
Event: 2.137 Thread 0x000001b3e57e7a60 Exception <a 'java/lang/IncompatibleClassChangeError'{0x00000000eb369c38}: Found class java.lang.Object, but interface was expected> (0x00000000eb369c38) 
thrown [s\src\hotspot\share\interpreter\linkResolver.cpp, line 840]
Event: 2.138 Thread 0x000001b3e57e7a60 Exception <a 'java/lang/NoSuchMethodError'{0x00000000eb36d590}: 'java.lang.Object java.lang.invoke.DirectMethodHandle$Holder.invokeSpecial(java.lang.Object, java.lang.Object, java.lang.Object, int, java.lang.Object, java.lang.Object)'> (0x00000000eb36d590) 
thrown [s\src\hotspot\share\interpreter\linkResolver.cpp, line 773]
Event: 2.138 Thread 0x000001b3e57e7a60 Exception <a 'java/lang/NoSuchMethodError'{0x00000000eb374e28}: 'java.lang.Object java.lang.invoke.DirectMethodHandle$Holder.newInvokeSpecial(java.lang.Object, java.lang.Object, java.lang.Object, int, java.lang.Object)'> (0x00000000eb374e28) 
thrown [s\src\hotspot\share\interpreter\linkResolver.cpp, line 773]
Event: 2.138 Thread 0x000001b3e57e7a60 Exception <a 'java/lang/NoSuchMethodError'{0x00000000eb378918}: 'java.lang.Object java.lang.invoke.Invokers$Holder.linkToTargetMethod(java.lang.Object, java.lang.Object, int, java.lang.Object, java.lang.Object)'> (0x00000000eb378918) 
thrown [s\src\hotspot\share\interpreter\linkResolver.cpp, line 773]
Event: 2.139 Thread 0x000001b3e57ea1c0 Exception <a 'java/lang/NoSuchMethodError'{0x00000000eb15ca60}: 'java.lang.Object java.lang.invoke.DirectMethodHandle$Holder.invokeSpecial(java.lang.Object, java.lang.Object, int, java.lang.Object, java.lang.Object)'> (0x00000000eb15ca60) 
thrown [s\src\hotspot\share\interpreter\linkResolver.cpp, line 773]
Event: 2.139 Thread 0x000001b3e57ea1c0 Exception <a 'java/lang/NoSuchMethodError'{0x00000000eb167c40}: 'java.lang.Object java.lang.invoke.DirectMethodHandle$Holder.newInvokeSpecial(java.lang.Object, java.lang.Object, int, java.lang.Object)'> (0x00000000eb167c40) 
thrown [s\src\hotspot\share\interpreter\linkResolver.cpp, line 773]
Event: 2.152 Thread 0x000001b3e57e7a60 Exception <a 'java/lang/NoSuchMethodError'{0x00000000eb4a7660}: 'void java.lang.invoke.DirectMethodHandle$Holder.invokeSpecial(java.lang.Object, java.lang.Object, java.lang.Object, java.lang.Object, java.lang.Object)'> (0x00000000eb4a7660) 
thrown [s\src\hotspot\share\interpreter\linkResolver.cpp, line 773]
Event: 2.174 Thread 0x000001b3e57e7a60 Exception <a 'java/lang/NoSuchMethodError'{0x00000000eb65d878}: 'double java.lang.invoke.DirectMethodHandle$Holder.invokeStatic(java.lang.Object, java.lang.Object)'> (0x00000000eb65d878) 
thrown [s\src\hotspot\share\interpreter\linkResolver.cpp, line 773]
Event: 2.174 Thread 0x000001b3e57e7a60 Exception <a 'java/lang/NoSuchMethodError'{0x00000000eb660f38}: 'double java.lang.invoke.DirectMethodHandle$Holder.invokeStaticInit(java.lang.Object, java.lang.Object)'> (0x00000000eb660f38) 
thrown [s\src\hotspot\share\interpreter\linkResolver.cpp, line 773]
Event: 2.264 Thread 0x000001b3e57e7a60 Exception <a 'java/io/FileNotFoundException'{0x00000000ead30480}> (0x00000000ead30480) 
thrown [s\src\hotspot\share\prims\jni.cpp, line 520]
Event: 2.264 Thread 0x000001b3e57e7a60 Exception <a 'java/io/FileNotFoundException'{0x00000000ead312e8}> (0x00000000ead312e8) 
thrown [s\src\hotspot\share\prims\jni.cpp, line 520]
Event: 2.265 Thread 0x000001b3e57e7a60 Exception <a 'java/io/FileNotFoundException'{0x00000000ead32250}> (0x00000000ead32250) 
thrown [s\src\hotspot\share\prims\jni.cpp, line 520]
Event: 2.391 Thread 0x000001b3e57e7a60 Implicit null exception at 0x000001b394169ef5 to 0x000001b394169fe8
Event: 2.483 Thread 0x000001b3e57e7a60 Exception <a 'java/io/FileNotFoundException'{0x00000000eb4d1438}> (0x00000000eb4d1438) 
thrown [s\src\hotspot\share\prims\jni.cpp, line 520]
Event: 2.633 Thread 0x000001b3e57e7a60 Exception <a 'java/lang/NoSuchMethodError'{0x00000000eb2f6a18}: 'java.lang.Object java.lang.invoke.DirectMethodHandle$Holder.newInvokeSpecial(java.lang.Object, int, java.lang.Object, java.lang.Object)'> (0x00000000eb2f6a18) 
thrown [s\src\hotspot\share\interpreter\linkResolver.cpp, line 773]
Event: 2.670 Thread 0x000001b3e57e7a60 Exception <a 'sun/nio/fs/WindowsException'{0x00000000eb534390}> (0x00000000eb534390) 
thrown [s\src\hotspot\share\prims\jni.cpp, line 520]
Event: 2.715 Thread 0x000001b3e57e7a60 Exception <a 'java/lang/NoSuchMethodError'{0x00000000eb6f8100}: 'java.lang.Object java.lang.invoke.DirectMethodHandle$Holder.invokeStaticInit(java.lang.Object, int, int, int, int)'> (0x00000000eb6f8100) 
thrown [s\src\hotspot\share\interpreter\linkResolver.cpp, line 773]
Event: 2.747 Thread 0x000001b3e57e7a60 Exception <a 'java/lang/NoSuchMethodError'{0x00000000eb7adb40}: 'java.lang.Object java.lang.invoke.DirectMethodHandle$Holder.invokeStaticInit(java.lang.Object, java.lang.Object, int, int, int, int)'> (0x00000000eb7adb40) 
thrown [s\src\hotspot\share\interpreter\linkResolver.cpp, line 773]
Event: 2.870 Thread 0x000001b3e57e7a60 Exception <a 'java/lang/ClassNotFoundException'{0x00000000ebd62a70}: com/sun/org/apache/xml/internal/serializer/spi/XMLEntitiesProvider> (0x00000000ebd62a70) 
thrown [s\src\hotspot\share\classfile\systemDictionary.cpp, line 312]

ZGC Phase Switch (0 events):
No events

VM Operations (20 events):
Event: 2.485 Executing VM operation: CollectForMetadataAllocation (Metadata GC Threshold)
Event: 2.513 Executing VM operation: CollectForMetadataAllocation (Metadata GC Threshold) done
Event: 2.598 Executing VM operation: HandshakeAllThreads (Deoptimize)
Event: 2.598 Executing VM operation: HandshakeAllThreads (Deoptimize) done
Event: 2.663 Executing VM operation: HandshakeAllThreads (Deoptimize)
Event: 2.663 Executing VM operation: HandshakeAllThreads (Deoptimize) done
Event: 2.687 Executing VM operation: HandshakeAllThreads (Deoptimize)
Event: 2.688 Executing VM operation: HandshakeAllThreads (Deoptimize) done
Event: 2.742 Executing VM operation: HandshakeAllThreads (Deoptimize)
Event: 2.742 Executing VM operation: HandshakeAllThreads (Deoptimize) done
Event: 2.758 Executing VM operation: HandshakeAllThreads (Deoptimize)
Event: 2.758 Executing VM operation: HandshakeAllThreads (Deoptimize) done
Event: 2.760 Executing VM operation: HandshakeAllThreads (Deoptimize)
Event: 2.760 Executing VM operation: HandshakeAllThreads (Deoptimize) done
Event: 2.834 Executing VM operation: HandshakeAllThreads (Deoptimize)
Event: 2.834 Executing VM operation: HandshakeAllThreads (Deoptimize) done
Event: 2.839 Executing VM operation: HandshakeAllThreads (Deoptimize)
Event: 2.839 Executing VM operation: HandshakeAllThreads (Deoptimize) done
Event: 2.900 Executing VM operation: HandshakeAllThreads (Deoptimize)
Event: 2.900 Executing VM operation: HandshakeAllThreads (Deoptimize) done

Memory protections (0 events):
No events

Nmethod flushes (0 events):
No events

Events (20 events):
Event: 1.054 Thread 0x000001b386fc32e0 Thread added: 0x000001b3e0762830
Event: 1.054 Thread 0x000001b386fc32e0 Thread added: 0x000001b3e0763550
Event: 1.056 Thread 0x000001b386fc32e0 Thread added: 0x000001b3e0760760
Event: 1.082 Thread 0x000001b386fc32e0 Thread added: 0x000001b3e57ec290
Event: 1.210 Thread 0x000001b386fc32e0 Thread added: 0x000001b3e57e66b0
Event: 1.215 Thread 0x000001b386fc32e0 Thread added: 0x000001b3e57e7a60
Event: 1.394 Thread 0x000001b386fc32e0 Thread added: 0x000001b3e57eb570
Event: 1.437 Thread 0x000001b3e57eb570 Thread added: 0x000001b3e57e6d40
Event: 1.437 Thread 0x000001b3e57eb570 Thread added: 0x000001b3e57e6020
Event: 1.437 Thread 0x000001b3e57eb570 Thread added: 0x000001b3e57e73d0
Event: 1.437 Thread 0x000001b3e57eb570 Thread added: 0x000001b3e57e80f0
Event: 1.437 Thread 0x000001b3e57e6d40 Thread added: 0x000001b3e57e8780
Event: 1.437 Thread 0x000001b3e57e6020 Thread added: 0x000001b3e57e8e10
Event: 1.525 Thread 0x000001b3e57e7a60 Thread added: 0x000001b3e57ec920
Event: 1.615 Thread 0x000001b3e57e7a60 Thread added: 0x000001b3e57e94a0
Event: 1.938 Thread 0x000001b3e57e7a60 Thread added: 0x000001b3e57ecfb0
Event: 2.112 Thread 0x000001b3e57e7a60 Thread added: 0x000001b3e57ea1c0
Event: 2.139 Thread 0x000001b3e57e7a60 Thread added: 0x000001b3e57ed640
Event: 2.621 Thread 0x000001b3e57e7a60 Thread added: 0x000001b3e57ebc00
Event: 2.698 Thread 0x000001b3e57ebc00 Thread exited: 0x000001b3e57ebc00


Dynamic libraries:
0x00007ff708960000 - 0x00007ff70896e000 	c:\Users\aluno\.vscode\extensions\redhat.java-1.40.0-win32-x64\jre\21.0.6-win32-x86_64\bin\java.exe
0x00007ff9e2c50000 - 0x00007ff9e2e48000 	C:\Windows\SYSTEM32\ntdll.dll
0x00007ff9e2ae0000 - 0x00007ff9e2ba2000 	C:\Windows\System32\KERNEL32.DLL
0x00007ff9e0620000 - 0x00007ff9e091f000 	C:\Windows\System32\KERNELBASE.dll
0x00007ff9e0990000 - 0x00007ff9e0a90000 	C:\Windows\System32\ucrtbase.dll
0x00007ff9dd050000 - 0x00007ff9dd068000 	c:\Users\aluno\.vscode\extensions\redhat.java-1.40.0-win32-x64\jre\21.0.6-win32-x86_64\bin\jli.dll
0x00007ff9d8a30000 - 0x00007ff9d8a4e000 	c:\Users\aluno\.vscode\extensions\redhat.java-1.40.0-win32-x64\jre\21.0.6-win32-x86_64\bin\VCRUNTIME140.dll
0x00007ff9e0c70000 - 0x00007ff9e0e0d000 	C:\Windows\System32\USER32.dll
0x00007ff9c52f0000 - 0x00007ff9c558a000 	C:\Windows\WinSxS\amd64_microsoft.windows.common-controls_6595b64144ccf1df_6.0.19041.4355_none_60b8b9eb71f62e16\COMCTL32.dll
0x00007ff9e0b50000 - 0x00007ff9e0b72000 	C:\Windows\System32\win32u.dll
0x00007ff9e0ee0000 - 0x00007ff9e0f0b000 	C:\Windows\System32\GDI32.dll
0x00007ff9e2830000 - 0x00007ff9e28ce000 	C:\Windows\System32\msvcrt.dll
0x00007ff9e0450000 - 0x00007ff9e056a000 	C:\Windows\System32\gdi32full.dll
0x00007ff9e0bd0000 - 0x00007ff9e0c6d000 	C:\Windows\System32\msvcp_win.dll
0x00007ff9e2540000 - 0x00007ff9e256f000 	C:\Windows\System32\IMM32.DLL
0x00007ff9dd780000 - 0x00007ff9dd78c000 	c:\Users\aluno\.vscode\extensions\redhat.java-1.40.0-win32-x64\jre\21.0.6-win32-x86_64\bin\vcruntime140_1.dll
0x00007ff9b7bb0000 - 0x00007ff9b7c3d000 	c:\Users\aluno\.vscode\extensions\redhat.java-1.40.0-win32-x64\jre\21.0.6-win32-x86_64\bin\msvcp140.dll
0x00007ff96fbe0000 - 0x00007ff970970000 	c:\Users\aluno\.vscode\extensions\redhat.java-1.40.0-win32-x64\jre\21.0.6-win32-x86_64\bin\server\jvm.dll
0x00007ff9e2170000 - 0x00007ff9e221f000 	C:\Windows\System32\ADVAPI32.dll
0x00007ff9e29b0000 - 0x00007ff9e2a4f000 	C:\Windows\System32\sechost.dll
0x00007ff9e2700000 - 0x00007ff9e2823000 	C:\Windows\System32\RPCRT4.dll
0x00007ff9e0b20000 - 0x00007ff9e0b47000 	C:\Windows\System32\bcrypt.dll
0x00007ff9e2690000 - 0x00007ff9e26fb000 	C:\Windows\System32\WS2_32.dll
0x00007ff9e00a0000 - 0x00007ff9e00eb000 	C:\Windows\SYSTEM32\POWRPROF.dll
0x00007ff9dcc80000 - 0x00007ff9dcc8a000 	C:\Windows\SYSTEM32\VERSION.dll
0x00007ff9cdbf0000 - 0x00007ff9cdc17000 	C:\Windows\SYSTEM32\WINMM.dll
0x00007ff9e0080000 - 0x00007ff9e0092000 	C:\Windows\SYSTEM32\UMPDC.dll
0x00007ff9ddfb0000 - 0x00007ff9ddfc2000 	C:\Windows\SYSTEM32\kernel.appcore.dll
0x00007ff9d8a20000 - 0x00007ff9d8a2a000 	c:\Users\aluno\.vscode\extensions\redhat.java-1.40.0-win32-x64\jre\21.0.6-win32-x86_64\bin\jimage.dll
0x00007ff9b5d10000 - 0x00007ff9b5ef4000 	C:\Windows\SYSTEM32\DBGHELP.DLL
0x00007ff9b5cd0000 - 0x00007ff9b5d04000 	C:\Windows\SYSTEM32\dbgcore.DLL
0x00007ff9e0a90000 - 0x00007ff9e0b12000 	C:\Windows\System32\bcryptPrimitives.dll
0x00007ff9d8a10000 - 0x00007ff9d8a1f000 	c:\Users\aluno\.vscode\extensions\redhat.java-1.40.0-win32-x64\jre\21.0.6-win32-x86_64\bin\instrument.dll
0x00007ff9cf520000 - 0x00007ff9cf53f000 	c:\Users\aluno\.vscode\extensions\redhat.java-1.40.0-win32-x64\jre\21.0.6-win32-x86_64\bin\java.dll
0x00007ff9e1270000 - 0x00007ff9e19dd000 	C:\Windows\System32\SHELL32.dll
0x00007ff9de1b0000 - 0x00007ff9de954000 	C:\Windows\SYSTEM32\windows.storage.dll
0x00007ff9e0f10000 - 0x00007ff9e1265000 	C:\Windows\System32\combase.dll
0x00007ff9dfcb0000 - 0x00007ff9dfcdf000 	C:\Windows\SYSTEM32\Wldp.dll
0x00007ff9e0e10000 - 0x00007ff9e0edd000 	C:\Windows\System32\OLEAUT32.dll
0x00007ff9e19e0000 - 0x00007ff9e1a8d000 	C:\Windows\System32\SHCORE.dll
0x00007ff9e2a80000 - 0x00007ff9e2ad5000 	C:\Windows\System32\shlwapi.dll
0x00007ff9e0220000 - 0x00007ff9e0244000 	C:\Windows\SYSTEM32\profapi.dll
0x00007ff9cf500000 - 0x00007ff9cf518000 	c:\Users\aluno\.vscode\extensions\redhat.java-1.40.0-win32-x64\jre\21.0.6-win32-x86_64\bin\zip.dll
0x00007ff9d6d90000 - 0x00007ff9d6da0000 	C:\Users\aluno\.vscode\extensions\redhat.java-1.40.0-win32-x64\jre\21.0.6-win32-x86_64\bin\net.dll
0x00007ff9da760000 - 0x00007ff9da86a000 	C:\Windows\SYSTEM32\WINHTTP.dll
0x00007ff9dfa10000 - 0x00007ff9dfa7c000 	C:\Windows\system32\mswsock.dll
0x00007ff9cf4e0000 - 0x00007ff9cf4f6000 	C:\Users\aluno\.vscode\extensions\redhat.java-1.40.0-win32-x64\jre\21.0.6-win32-x86_64\bin\nio.dll
0x00007ff9d0400000 - 0x00007ff9d0410000 	c:\Users\aluno\.vscode\extensions\redhat.java-1.40.0-win32-x64\jre\21.0.6-win32-x86_64\bin\verify.dll
0x00007ff9a6490000 - 0x00007ff9a64d5000 	C:\Users\aluno\AppData\Roaming\Code\User\globalStorage\redhat.java\1.40.0\config_ss_win\org.eclipse.equinox.launcher\org.eclipse.equinox.launcher.win32.win32.x86_64_1.2.1200.v20250212-0927\eclipse_11909.dll
0x00007ff9e23a0000 - 0x00007ff9e24cb000 	C:\Windows\System32\ole32.dll
0x00007ff9dfc10000 - 0x00007ff9dfc28000 	C:\Windows\SYSTEM32\CRYPTSP.dll
0x00007ff9df330000 - 0x00007ff9df364000 	C:\Windows\system32\rsaenh.dll
0x00007ff9e01a0000 - 0x00007ff9e01ce000 	C:\Windows\SYSTEM32\USERENV.dll
0x00007ff9dfc00000 - 0x00007ff9dfc0c000 	C:\Windows\SYSTEM32\CRYPTBASE.dll
0x00007ff9df6f0000 - 0x00007ff9df72b000 	C:\Windows\SYSTEM32\IPHLPAPI.DLL
0x00007ff9e2a70000 - 0x00007ff9e2a78000 	C:\Windows\System32\NSI.dll

dbghelp: loaded successfully - version: 4.0.5 - missing functions: none
symbol engine: initialized successfully - sym options: 0x614 - pdb path: .;c:\Users\aluno\.vscode\extensions\redhat.java-1.40.0-win32-x64\jre\21.0.6-win32-x86_64\bin;C:\Windows\SYSTEM32;C:\Windows\WinSxS\amd64_microsoft.windows.common-controls_6595b64144ccf1df_6.0.19041.4355_none_60b8b9eb71f62e16;c:\Users\aluno\.vscode\extensions\redhat.java-1.40.0-win32-x64\jre\21.0.6-win32-x86_64\bin\server;C:\Users\aluno\AppData\Roaming\Code\User\globalStorage\redhat.java\1.40.0\config_ss_win\org.eclipse.equinox.launcher\org.eclipse.equinox.launcher.win32.win32.x86_64_1.2.1200.v20250212-0927

VM Arguments:
jvm_args: --add-modules=ALL-SYSTEM --add-opens=java.base/java.util=ALL-UNNAMED --add-opens=java.base/java.lang=ALL-UNNAMED --add-opens=java.base/sun.nio.fs=ALL-UNNAMED -Declipse.application=org.eclipse.jdt.ls.core.id1 -Dosgi.bundles.defaultStartLevel=4 -Declipse.product=org.eclipse.jdt.ls.core.product -Djava.import.generatesMetadataFilesAtProjectRoot=false -DDetectVMInstallationsJob.disabled=true -Dfile.encoding=utf8 -XX:+UseParallelGC -XX:GCTimeRatio=4 -XX:AdaptiveSizePolicyWeight=90 -Dsun.zip.disableMemoryMapping=true -Xmx1G -Xms100m -Xlog:disable -javaagent:c:\Users\aluno\.vscode\extensions\redhat.java-1.40.0-win32-x64\lombok\lombok-1.18.36.jar 
java_command: c:\Users\aluno\.vscode\extensions\redhat.java-1.40.0-win32-x64\server\plugins\org.eclipse.equinox.launcher_1.6.1000.v20250131-0606.jar -configuration c:\Users\aluno\AppData\Roaming\Code\User\globalStorage\redhat.java\1.40.0\config_ss_win -data c:\Users\aluno\AppData\Roaming\Code\User\workspaceStorage\f6424b0cf0230ad802992bdbd6dd1ae0\redhat.java\ss_ws --pipe=\\.\pipe\lsp-d91d02ae5268447f14dbb5a1655d8432-sock
java_class_path (initial): c:\Users\aluno\.vscode\extensions\redhat.java-1.40.0-win32-x64\server\plugins\org.eclipse.equinox.launcher_1.6.1000.v20250131-0606.jar
Launcher Type: SUN_STANDARD

[Global flags]
    uintx AdaptiveSizePolicyWeight                 = 90                                        {product} {command line}
     intx CICompilerCount                          = 4                                         {product} {ergonomic}
    uintx GCTimeRatio                              = 4                                         {product} {command line}
   size_t InitialHeapSize                          = 104857600                                 {product} {command line}
   size_t MaxHeapSize                              = 1073741824                                {product} {command line}
   size_t MaxNewSize                               = 357564416                                 {product} {ergonomic}
   size_t MinHeapDeltaBytes                        = 524288                                    {product} {ergonomic}
   size_t MinHeapSize                              = 104857600                                 {product} {command line}
   size_t NewSize                                  = 34603008                                  {product} {ergonomic}
    uintx NonNMethodCodeHeapSize                   = 5839372                                {pd product} {ergonomic}
    uintx NonProfiledCodeHeapSize                  = 122909434                              {pd product} {ergonomic}
   size_t OldSize                                  = 70254592                                  {product} {ergonomic}
    uintx ProfiledCodeHeapSize                     = 122909434                              {pd product} {ergonomic}
    uintx ReservedCodeCacheSize                    = 251658240                              {pd product} {ergonomic}
     bool SegmentedCodeCache                       = true                                      {product} {ergonomic}
   size_t SoftMaxHeapSize                          = 1073741824                             {manageable} {ergonomic}
     bool UseCompressedOops                        = true                           {product lp64_product} {ergonomic}
     bool UseLargePagesIndividualAllocation        = false                                  {pd product} {ergonomic}
     bool UseParallelGC                            = true                                      {product} {command line}

Logging:
Log output configuration:
 #0: stdout all=off uptime,level,tags foldmultilines=false
 #1: stderr all=off uptime,level,tags foldmultilines=false

Environment Variables:
JAVA_HOME=C:\Program Files\Eclipse Adoptium\jre-8.0.392.8-hotspot\
PATH=C:\Program Files\Java\jdk-21\bin;C:\Program Files\Common Files\Oracle\Java\javapath;C:\Program Files (x86)\Common Files\Oracle\Java\java8path;C:\Program Files (x86)\Common Files\Oracle\Java\javapath;C:\Windows\system32;C:\Windows;C:\Windows\System32\Wbem;C:\Windows\System32\WindowsPowerShell\v1.0\;C:\Windows\System32\OpenSSH\;C:\Program Files\dotnet\;C:\Program Files\Microsoft VS Code\bin;C:\Program Files\Microsoft SQL Server\130\Tools\Binn\;C:\Program Files\Microsoft SQL Server\Client SDK\ODBC\170\Tools\Binn\;C:\Program Files\NetMake\v9-php81\components\php;C:\apache-maven-3.9.5-bin\apache-maven-3.9.5\bin;C:\Program Files\Git\cmd;C:\Program Files\nodejs\;C:\Users\aluno\AppData\Local\Programs\Python\Python313\Scripts\;C:\Users\aluno\AppData\Local\Programs\Python\Python313\;C:\Users\aluno\AppData\Local\Programs\Python\Launcher\;C:\Users\aluno\AppData\Local\Microsoft\WindowsApps;C:\Users\aluno\AppData\Roaming\npm
USERNAME=aluno
OS=Windows_NT
PROCESSOR_IDENTIFIER=Intel64 Family 6 Model 165 Stepping 3, GenuineIntel
TMP=C:\Users\aluno\AppData\Local\Temp
TEMP=C:\Users\aluno\AppData\Local\Temp




Periodic native trim disabled

---------------  S Y S T E M  ---------------

OS:
 Windows 10 , 64 bit Build 19041 (10.0.19041.5438)
OS uptime: 0 days 3:03 hours

CPU: total 12 (initial active 12) (6 cores per cpu, 2 threads per core) family 6 model 165 stepping 3 microcode 0xf0, cx8, cmov, fxsr, ht, mmx, 3dnowpref, sse, sse2, sse3, ssse3, sse4.1, sse4.2, popcnt, lzcnt, tsc, tscinvbit, avx, avx2, aes, erms, clmul, bmi1, bmi2, adx, fma, vzeroupper, clflush, clflushopt, rdtscp, f16c
Processor Information for the first 12 processors :
  Max Mhz: 2304, Current Mhz: 2304, Mhz Limit: 2304

Memory: 4k page, system-wide physical 7906M (550M free)
TotalPageFile size 12002M (AvailPageFile size 21M)
current process WorkingSet (physical memory assigned to process): 170M, peak: 178M
current process commit charge ("private bytes"): 276M, peak: 283M

vm_info: OpenJDK 64-Bit Server VM (21.0.6+7-LTS) for windows-amd64 JRE (21.0.6+7-LTS), built on 2025-01-21T00:00:00Z by "admin" with MS VC++ 17.7 (VS2022)

END.
